<?xml version="1.0" encoding="UTF-8"?>
<testsuite xmlns:xsi="http://www.w3.org/2001/XMLSchema-instance" xsi:noNamespaceSchemaLocation="https://maven.apache.org/surefire/maven-surefire-plugin/xsd/surefire-test-report-3.0.xsd" version="3.0" name="runner.RunCucumberTest" time="18.323" tests="3" errors="0" skipped="0" failures="0">
  <properties>
[...]
</properties>
  <testcase name="Login com usuário padrão" classname="Login" time="6.857">
    <system-out><![CDATA[
@test
Cenário: Login com usuário padrão                                         # src/test/resources/features/login.feature:6
  Dado que esteja na página de login do Swag Labs                         # steps.LoginStep.acessarAplicacao()
  Quando preencher o username com o usuário padrão                        # steps.LoginStep.preencherUsernamePadrão()
  E preencher o campo password com a senha correta - cenário 1            # steps.LoginStep.preencherSenhaUsuarioPadrao()
  E clicar em Login                                                       # steps.LoginStep.clicarBotaoLogin()
  Então devo ser direcionado para a tela de início do sistema - cenário 1 # steps.LoginStep.esperarFinalizarLogin()
]]></system-out>
    <system-err><![CDATA[SLF4J: Failed to load class "org.slf4j.impl.StaticLoggerBinder".
SLF4J: Defaulting to no-operation (NOP) logger implementation
SLF4J: See http://www.slf4j.org/codes.html#StaticLoggerBinder for further details.
1710689709251	geckodriver	INFO	Listening on 127.0.0.1:57630
1710689709588	mozrunner::runner	INFO	Running command: "C:\\Program Files\\Mozilla Firefox\\firefox.exe" "--marionette" "--headless" "--remote-debugging-port" "60326" "--remote-allow-hosts" "localhost" "--remote-allow-origins" "http://localhost:60326/" "-no-remote" "-profile" "C:\\Users\\crist\\AppData\\Local\\Temp\\rust_mozprofileisLIvG"
*** You are running in headless mode.
console.warn: services.settings: Ignoring preference override of remote settings server
console.warn: services.settings: Allow by setting MOZ_REMOTE_SETTINGS_DEVTOOLS=1 in the environment
1710689710057	Marionette	INFO	Marionette enabled
Dynamically enable window occlusion 0
1710689710159	Marionette	INFO	Listening on port 50129
WebDriver BiDi listening on ws://127.0.0.1:60326
Read port: 50129
1710689710336	RemoteAgent	WARN	TLS certificate errors will be ignored for this session
[GFX1-]: RenderCompositorSWGL failed mapping default framebuffer, no dt
console.error: ({})
DevTools listening on ws://127.0.0.1:60326/devtools/browser/aadb07a2-874e-4d36-8091-4a62b94027e0
mar. 17, 2024 12:35:11 PM org.openqa.selenium.remote.ProtocolHandshake createSession
INFO: Detected upstream dialect: W3C
console.warn: LoginRecipes: "Falling back to a synchronous message for: https://www.saucedemo.com."
console.warn: LoginRecipes: "Falling back to a synchronous message for: https://www.saucedemo.com."
1710689714161	Marionette	INFO	Stopped listening on port 50129
Dynamically enable window occlusion 1
]]></system-err>
  </testcase>
  <testcase name="Login com usuário bloqueado" classname="Login" time="5.209">
    <system-out><![CDATA[
@test
Cenário: Login com usuário bloqueado                                      # src/test/resources/features/login.feature:13
  Dado que esteja na página de login do Swag Labs                         # steps.LoginStep.acessarAplicacao()
  Quando preencher o username com o usuário bloqueado                     # steps.LoginStep.preencherUsernameBloqueado()
  E preencher o campo password com a senha correta - cenário 2            # steps.LoginStep.preencherSenhaUsuarioBloqueado()
  E clicar em Login                                                       # steps.LoginStep.clicarBotaoLogin()
  Então deve aprecer uma mensagem informando que o usuário está bloqueado # steps.LoginStep.verificarMensagemUsuarioBloqueado()
]]></system-out>
    <system-err><![CDATA[1710689715402	geckodriver	INFO	Listening on 127.0.0.1:63752
1710689715429	mozrunner::runner	INFO	Running command: "C:\\Program Files\\Mozilla Firefox\\firefox.exe" "--marionette" "--headless" "--remote-debugging-port" "58726" "--remote-allow-hosts" "localhost" "--remote-allow-origins" "http://localhost:58726/" "-no-remote" "-profile" "C:\\Users\\crist\\AppData\\Local\\Temp\\rust_mozprofileIJvnwS"
*** You are running in headless mode.
console.warn: services.settings: Ignoring preference override of remote settings server
console.warn: services.settings: Allow by setting MOZ_REMOTE_SETTINGS_DEVTOOLS=1 in the environment
1710689715844	Marionette	INFO	Marionette enabled
Dynamically enable window occlusion 0
1710689715987	Marionette	INFO	Listening on port 50189
WebDriver BiDi listening on ws://127.0.0.1:58726
Read port: 50189
1710689716156	RemoteAgent	WARN	TLS certificate errors will be ignored for this session
[GFX1-]: RenderCompositorSWGL failed mapping default framebuffer, no dt
console.error: ({})
DevTools listening on ws://127.0.0.1:58726/devtools/browser/d465d97a-7dec-4897-88a6-f587bf2ee4e4
mar. 17, 2024 12:35:17 PM org.openqa.selenium.remote.ProtocolHandshake createSession
INFO: Detected upstream dialect: W3C
console.warn: LoginRecipes: "Falling back to a synchronous message for: https://www.saucedemo.com."
1710689719554	Marionette	INFO	Stopped listening on port 50189
Dynamically enable window occlusion 1
]]></system-err>
  </testcase>
  <testcase name="Login com senha incorreta" classname="Login" time="5.49">
    <system-out><![CDATA[
@test
Cenário: Login com senha incorreta                                      # src/test/resources/features/login.feature:21
  Dado que esteja na página de login do Swag Labs                       # steps.LoginStep.acessarAplicacao()
  Quando preencher o username com o usuário padrão                      # steps.LoginStep.preencherUsernamePadrão()
  E preencher o campo password com uma senha incorreta                  # steps.LoginStep.preencherSenhaIncorreta()
  E clicar em Login                                                     # steps.LoginStep.clicarBotaoLogin()
  Então deve aprecer uma mensagem informando que a senha está incorreta # steps.LoginStep.verificarMensagemSenhaIncorreta()
]]></system-out>
    <system-err><![CDATA[1710689720611	geckodriver	INFO	Listening on 127.0.0.1:54577
1710689720633	mozrunner::runner	INFO	Running command: "C:\\Program Files\\Mozilla Firefox\\firefox.exe" "--marionette" "--headless" "--remote-debugging-port" "61737" "--remote-allow-hosts" "localhost" "--remote-allow-origins" "http://localhost:61737/" "-no-remote" "-profile" "C:\\Users\\crist\\AppData\\Local\\Temp\\rust_mozprofileC8UuIJ"
*** You are running in headless mode.
console.warn: services.settings: Ignoring preference override of remote settings server
console.warn: services.settings: Allow by setting MOZ_REMOTE_SETTINGS_DEVTOOLS=1 in the environment
1710689721197	Marionette	INFO	Marionette enabled
Dynamically enable window occlusion 0
1710689721301	Marionette	INFO	Listening on port 50258
WebDriver BiDi listening on ws://127.0.0.1:61737
Read port: 50258
1710689721448	RemoteAgent	WARN	TLS certificate errors will be ignored for this session
[GFX1-]: RenderCompositorSWGL failed mapping default framebuffer, no dt
console.error: ({})
DevTools listening on ws://127.0.0.1:61737/devtools/browser/90f6561d-09a6-492e-b839-221d328a5c7a
mar. 17, 2024 12:35:22 PM org.openqa.selenium.remote.ProtocolHandshake createSession
INFO: Detected upstream dialect: W3C
console.warn: LoginRecipes: "Falling back to a synchronous message for: https://www.saucedemo.com."
1710689725056	Marionette	INFO	Stopped listening on port 50258
Dynamically enable window occlusion 1
]]></system-err>
  </testcase>
</testsuite>